<?xml version="1.0" encoding="UTF-8"?>
<!-- Generated by org.testng.reporters.JUnitXMLReporter -->
<testsuite ignored="0" hostname="DESKTOP-MRIKHM8" failures="1" tests="1" name="Test" time="31.749" errors="0" timestamp="2024-06-09T17:35:06 WIB">
  <testcase classname="marketplace.tests.CheckoutProductTest" name="checkoutProduct" time="27.912">
    <failure type="java.lang.RuntimeException" message="Next button failed for 5 clicked attempt, after type email address">
      <![CDATA[java.lang.RuntimeException: Next button failed for 5 clicked attempt, after type email address
at marketplace.pageObject.LoginPage.inputEmailNextButtonAttempt(LoginPage.java:80)
at marketplace.pageObject.LoginPage.loginApplication(LoginPage.java:38)
at marketplace.tests.CheckoutProductTest.checkoutProduct(CheckoutProductTest.java:33)
at java.base/java.util.ArrayList.forEach(ArrayList.java:1596)
... Removed 29 stack frames]]>
    </failure>
  </testcase> <!-- checkoutProduct -->
</testsuite> <!-- Test -->
