<?xml version="1.0" encoding="UTF-8"?>
<!-- Generated by org.testng.reporters.JUnitXMLReporter -->
<testsuite ignored="2" hostname="DESKTOP-MRIKHM8" failures="2" tests="5" name="Smoke Test" time="66.315" errors="0" timestamp="2024-06-09T16:07:36 WIB">
  <testcase classname="marketplace.tests.SearchProductTest" name="searchProduct" time="16.628"/>
  <testcase classname="marketplace.tests.LoginTest" name="loginApplication" time="30.365">
    <failure type="java.lang.RuntimeException" message="Next button failed for 5 clicked attempt, after type email address">
      <![CDATA[java.lang.RuntimeException: Next button failed for 5 clicked attempt, after type email address
at marketplace.pageObject.LoginPage.inputEmailNextButtonAttempt(LoginPage.java:80)
at marketplace.pageObject.LoginPage.loginApplication(LoginPage.java:38)
at marketplace.tests.LoginTest.loginApplication(LoginTest.java:23)
at java.base/java.util.concurrent.Executors$RunnableAdapter.call(Executors.java:572)
at java.base/java.util.concurrent.FutureTask.run(FutureTask.java:317)
at java.base/java.util.concurrent.ThreadPoolExecutor.runWorker(ThreadPoolExecutor.java:1144)
at java.base/java.util.concurrent.ThreadPoolExecutor$Worker.run(ThreadPoolExecutor.java:642)
at java.base/java.lang.Thread.run(Thread.java:1583)
... Removed 11 stack frames]]>
    </failure>
  </testcase> <!-- loginApplication -->
  <testcase classname="marketplace.tests.SearchProductTest" name="searchProduct" time="11.629"/>
  <testcase classname="marketplace.tests.CheckoutProductTest" name="checkoutProduct" time="44.703"/>
  <testcase classname="marketplace.tests.LoginTest" name="loginApplication" time="27.31">
    <failure type="java.lang.RuntimeException" message="Next button failed for 5 clicked attempt, after type email address">
      <![CDATA[java.lang.RuntimeException: Next button failed for 5 clicked attempt, after type email address
at marketplace.pageObject.LoginPage.inputEmailNextButtonAttempt(LoginPage.java:80)
at marketplace.pageObject.LoginPage.loginApplication(LoginPage.java:38)
at marketplace.tests.LoginTest.loginApplication(LoginTest.java:23)
at java.base/java.util.concurrent.Executors$RunnableAdapter.call(Executors.java:572)
at java.base/java.util.concurrent.FutureTask.run(FutureTask.java:317)
at java.base/java.util.concurrent.ThreadPoolExecutor.runWorker(ThreadPoolExecutor.java:1144)
at java.base/java.util.concurrent.ThreadPoolExecutor$Worker.run(ThreadPoolExecutor.java:642)
at java.base/java.lang.Thread.run(Thread.java:1583)
... Removed 11 stack frames]]>
    </failure>
  </testcase> <!-- loginApplication -->
  <testcase classname="marketplace.tests.LoginTest" name="loginWithInvalidPassword" time="0.0">
    <ignored/>
  </testcase> <!-- loginWithInvalidPassword -->
  <testcase classname="marketplace.tests.LoginTest" name="loginWithInvalidEmail" time="0.0">
    <ignored/>
  </testcase> <!-- loginWithInvalidEmail -->
</testsuite> <!-- Smoke Test -->
