<?xml version="1.0" encoding="UTF-8"?>
<testng-results ignored="0" total="1" passed="0" failed="1" skipped="0">
  <reporter-output>
  </reporter-output>
  <suite started-at="2024-06-09T17:34:33 WIB" name="Suite" finished-at="2024-06-09T17:35:05 WIB" duration-ms="31749">
    <groups>
      <group name="smoke_test">
        <method signature="CheckoutProductTest.checkoutProduct(marketplace.model.UserData)[pri:0, instance:marketplace.tests.CheckoutProductTest@6d60fe40]" name="checkoutProduct" class="marketplace.tests.CheckoutProductTest"/>
      </group> <!-- smoke_test -->
    </groups>
    <test started-at="2024-06-09T17:34:33 WIB" name="Test" finished-at="2024-06-09T17:35:05 WIB" duration-ms="31749">
      <class name="marketplace.tests.CheckoutProductTest">
        <test-method is-config="true" signature="launchApplication()[pri:0, instance:marketplace.tests.CheckoutProductTest@6d60fe40]" started-at="2024-06-09T17:34:33 WIB" name="launchApplication" finished-at="2024-06-09T17:34:36 WIB" duration-ms="2878" status="PASS">
          <reporter-output>
          </reporter-output>
        </test-method> <!-- launchApplication -->
        <test-method signature="checkoutProduct(marketplace.model.UserData)[pri:0, instance:marketplace.tests.CheckoutProductTest@6d60fe40]" started-at="2024-06-09T17:34:36 WIB" name="checkoutProduct" data-provider="userData" finished-at="2024-06-09T17:35:04 WIB" duration-ms="27912" status="FAIL">
          <params>
            <param index="0">
              <value>
                <![CDATA[marketplace.model.UserData@4aac85fa]]>
              </value>
            </param>
          </params>
          <exception class="java.lang.RuntimeException">
            <message>
              <![CDATA[Next button failed for 5 clicked attempt, after type email address]]>
            </message>
            <full-stacktrace>
              <![CDATA[java.lang.RuntimeException: Next button failed for 5 clicked attempt, after type email address
at marketplace.pageObject.LoginPage.inputEmailNextButtonAttempt(LoginPage.java:80)
at marketplace.pageObject.LoginPage.loginApplication(LoginPage.java:38)
at marketplace.tests.CheckoutProductTest.checkoutProduct(CheckoutProductTest.java:33)
at java.base/jdk.internal.reflect.DirectMethodHandleAccessor.invoke(DirectMethodHandleAccessor.java:103)
at java.base/java.lang.reflect.Method.invoke(Method.java:580)
at org.testng.internal.invokers.MethodInvocationHelper.invokeMethod(MethodInvocationHelper.java:141)
at org.testng.internal.invokers.TestInvoker.invokeMethod(TestInvoker.java:686)
at org.testng.internal.invokers.TestInvoker.invokeTestMethod(TestInvoker.java:230)
at org.testng.internal.invokers.MethodRunner.runInSequence(MethodRunner.java:63)
at org.testng.internal.invokers.TestInvoker$MethodInvocationAgent.invoke(TestInvoker.java:992)
at org.testng.internal.invokers.TestInvoker.invokeTestMethods(TestInvoker.java:203)
at org.testng.internal.invokers.TestMethodWorker.invokeTestMethods(TestMethodWorker.java:154)
at org.testng.internal.invokers.TestMethodWorker.run(TestMethodWorker.java:134)
at java.base/java.util.ArrayList.forEach(ArrayList.java:1596)
at org.testng.TestRunner.privateRun(TestRunner.java:739)
at org.testng.TestRunner.run(TestRunner.java:614)
at org.testng.SuiteRunner.runTest(SuiteRunner.java:421)
at org.testng.SuiteRunner.runSequentially(SuiteRunner.java:413)
at org.testng.SuiteRunner.privateRun(SuiteRunner.java:373)
at org.testng.SuiteRunner.run(SuiteRunner.java:312)
at org.testng.SuiteRunnerWorker.runSuite(SuiteRunnerWorker.java:52)
at org.testng.SuiteRunnerWorker.run(SuiteRunnerWorker.java:95)
at org.testng.TestNG.runSuitesSequentially(TestNG.java:1274)
at org.testng.TestNG.runSuitesLocally(TestNG.java:1208)
at org.testng.TestNG.runSuites(TestNG.java:1112)
at org.testng.TestNG.run(TestNG.java:1079)
at org.apache.maven.surefire.testng.TestNGExecutor.run(TestNGExecutor.java:308)
at org.apache.maven.surefire.testng.TestNGXmlTestSuite.execute(TestNGXmlTestSuite.java:71)
at org.apache.maven.surefire.testng.TestNGProvider.invoke(TestNGProvider.java:113)
at org.apache.maven.surefire.booter.ForkedBooter.runSuitesInProcess(ForkedBooter.java:385)
at org.apache.maven.surefire.booter.ForkedBooter.execute(ForkedBooter.java:162)
at org.apache.maven.surefire.booter.ForkedBooter.run(ForkedBooter.java:507)
at org.apache.maven.surefire.booter.ForkedBooter.main(ForkedBooter.java:495)
]]>
            </full-stacktrace>
          </exception> <!-- java.lang.RuntimeException -->
          <reporter-output>
          </reporter-output>
        </test-method> <!-- checkoutProduct -->
        <test-method is-config="true" signature="tearDown()[pri:0, instance:marketplace.tests.CheckoutProductTest@6d60fe40]" started-at="2024-06-09T17:35:04 WIB" name="tearDown" finished-at="2024-06-09T17:35:05 WIB" duration-ms="308" status="PASS">
          <reporter-output>
          </reporter-output>
        </test-method> <!-- tearDown -->
      </class> <!-- marketplace.tests.CheckoutProductTest -->
    </test> <!-- Test -->
  </suite> <!-- Suite -->
</testng-results>
