<?xml version="1.0" encoding="UTF-8"?>
<testng-results ignored="0" total="8" passed="7" failed="1" skipped="0">
  <reporter-output>
  </reporter-output>
  <suite started-at="2024-06-11T00:48:05 WIB" name="Regression Test Suite" finished-at="2024-06-11T00:48:41 WIB" duration-ms="35867">
    <groups>
      <group name="error_validation">
        <method signature="LoginTest.loginWithInvalidEmail()[pri:0, instance:marketplace.tests.LoginTest@6cc4cdb9]" name="loginWithInvalidEmail" class="marketplace.tests.LoginTest"/>
        <method signature="LoginTest.loginWithInvalidPassword()[pri:0, instance:marketplace.tests.LoginTest@6cc4cdb9]" name="loginWithInvalidPassword" class="marketplace.tests.LoginTest"/>
      </group> <!-- error_validation -->
      <group name="smoke_test">
        <method signature="CheckoutProductTest.checkoutProduct(marketplace.model.UserData)[pri:0, instance:marketplace.tests.CheckoutProductTest@28194a50]" name="checkoutProduct" class="marketplace.tests.CheckoutProductTest"/>
        <method signature="LoginTest.loginApplication(marketplace.model.UserData)[pri:0, instance:marketplace.tests.LoginTest@6cc4cdb9]" name="loginApplication" class="marketplace.tests.LoginTest"/>
        <method signature="RegisterTest.register(marketplace.model.UserData)[pri:0, instance:marketplace.tests.RegisterTest@3b35a229]" name="register" class="marketplace.tests.RegisterTest"/>
        <method signature="SearchProductTest.searchProduct(marketplace.model.UserData)[pri:0, instance:marketplace.tests.SearchProductTest@7f2cfe3f]" name="searchProduct" class="marketplace.tests.SearchProductTest"/>
      </group> <!-- smoke_test -->
    </groups>
    <test started-at="2024-06-11T00:48:05 WIB" name="Regression Test" finished-at="2024-06-11T00:48:41 WIB" duration-ms="35867">
      <class name="marketplace.tests.CheckoutProductTest">
        <test-method is-config="true" signature="launchApplication()[pri:0, instance:marketplace.tests.CheckoutProductTest@28194a50]" started-at="2024-06-11T00:48:05 WIB" name="launchApplication" finished-at="2024-06-11T00:48:07 WIB" duration-ms="2262" status="PASS">
          <reporter-output>
          </reporter-output>
        </test-method> <!-- launchApplication -->
        <test-method signature="checkoutProduct(marketplace.model.UserData)[pri:0, instance:marketplace.tests.CheckoutProductTest@28194a50]" started-at="2024-06-11T00:48:07 WIB" name="checkoutProduct" data-provider="userData" finished-at="2024-06-11T00:48:40 WIB" duration-ms="33329" status="PASS">
          <params>
            <param index="0">
              <value>
                <![CDATA[marketplace.model.UserData@68e878ed]]>
              </value>
            </param>
          </params>
          <reporter-output>
          </reporter-output>
        </test-method> <!-- checkoutProduct -->
        <test-method is-config="true" signature="tearDown()[pri:0, instance:marketplace.tests.CheckoutProductTest@28194a50]" started-at="2024-06-11T00:48:40 WIB" name="tearDown" finished-at="2024-06-11T00:48:41 WIB" duration-ms="122" status="PASS">
          <reporter-output>
          </reporter-output>
        </test-method> <!-- tearDown -->
      </class> <!-- marketplace.tests.CheckoutProductTest -->
      <class name="marketplace.tests.RegisterTest">
        <test-method is-config="true" signature="launchApplication()[pri:0, instance:marketplace.tests.RegisterTest@3b35a229]" started-at="2024-06-11T00:48:05 WIB" name="launchApplication" finished-at="2024-06-11T00:48:07 WIB" duration-ms="1941" status="PASS">
          <reporter-output>
          </reporter-output>
        </test-method> <!-- launchApplication -->
        <test-method signature="register(marketplace.model.UserData)[pri:0, instance:marketplace.tests.RegisterTest@3b35a229]" started-at="2024-06-11T00:48:07 WIB" name="register" data-provider="userData" finished-at="2024-06-11T00:48:36 WIB" duration-ms="28960" status="FAIL">
          <params>
            <param index="0">
              <value>
                <![CDATA[marketplace.model.UserData@41f4c5c9]]>
              </value>
            </param>
          </params>
          <exception class="java.lang.RuntimeException">
            <message>
              <![CDATA[Register button failed for 5 clicked attempt]]>
            </message>
            <full-stacktrace>
              <![CDATA[java.lang.RuntimeException: Register button failed for 5 clicked attempt
at marketplace.pageObject.RegisterPage.registerPersonalAccount(RegisterPage.java:87)
at marketplace.tests.RegisterTest.register(RegisterTest.java:26)
at java.base/jdk.internal.reflect.DirectMethodHandleAccessor.invoke(DirectMethodHandleAccessor.java:103)
at java.base/java.lang.reflect.Method.invoke(Method.java:580)
at org.testng.internal.invokers.MethodInvocationHelper.invokeMethod(MethodInvocationHelper.java:141)
at org.testng.internal.invokers.TestInvoker.invokeMethod(TestInvoker.java:686)
at org.testng.internal.invokers.TestInvoker.invokeTestMethod(TestInvoker.java:230)
at org.testng.internal.invokers.MethodRunner.runInSequence(MethodRunner.java:63)
at org.testng.internal.invokers.TestInvoker$MethodInvocationAgent.invoke(TestInvoker.java:992)
at org.testng.internal.invokers.TestInvoker.invokeTestMethods(TestInvoker.java:203)
at org.testng.internal.invokers.TestMethodWorker.invokeTestMethods(TestMethodWorker.java:154)
at org.testng.internal.invokers.TestMethodWorker.run(TestMethodWorker.java:134)
at java.base/java.util.concurrent.Executors$RunnableAdapter.call(Executors.java:572)
at java.base/java.util.concurrent.FutureTask.run(FutureTask.java:317)
at org.testng.internal.thread.graph.TestNGFutureTask.run(TestNGFutureTask.java:22)
at java.base/java.util.concurrent.ThreadPoolExecutor.runWorker(ThreadPoolExecutor.java:1144)
at java.base/java.util.concurrent.ThreadPoolExecutor$Worker.run(ThreadPoolExecutor.java:642)
at java.base/java.lang.Thread.run(Thread.java:1583)
]]>
            </full-stacktrace>
          </exception> <!-- java.lang.RuntimeException -->
          <reporter-output>
          </reporter-output>
        </test-method> <!-- register -->
        <test-method is-config="true" signature="tearDown()[pri:0, instance:marketplace.tests.RegisterTest@3b35a229]" started-at="2024-06-11T00:48:36 WIB" name="tearDown" finished-at="2024-06-11T00:48:36 WIB" duration-ms="105" status="PASS">
          <reporter-output>
          </reporter-output>
        </test-method> <!-- tearDown -->
      </class> <!-- marketplace.tests.RegisterTest -->
      <class name="marketplace.tests.LoginTest">
        <test-method is-config="true" signature="launchApplication()[pri:0, instance:marketplace.tests.LoginTest@6cc4cdb9]" started-at="2024-06-11T00:48:05 WIB" name="launchApplication" finished-at="2024-06-11T00:48:08 WIB" duration-ms="2740" status="PASS">
          <reporter-output>
          </reporter-output>
        </test-method> <!-- launchApplication -->
        <test-method signature="loginApplication(marketplace.model.UserData)[pri:0, instance:marketplace.tests.LoginTest@6cc4cdb9]" started-at="2024-06-11T00:48:08 WIB" name="loginApplication" data-provider="login-data-provider" finished-at="2024-06-11T00:48:11 WIB" duration-ms="3136" status="PASS">
          <params>
            <param index="0">
              <value>
                <![CDATA[marketplace.model.UserData@c3047b7]]>
              </value>
            </param>
          </params>
          <reporter-output>
          </reporter-output>
        </test-method> <!-- loginApplication -->
        <test-method is-config="true" signature="tearDown()[pri:0, instance:marketplace.tests.LoginTest@6cc4cdb9]" started-at="2024-06-11T00:48:11 WIB" name="tearDown" finished-at="2024-06-11T00:48:11 WIB" duration-ms="134" status="PASS">
          <reporter-output>
          </reporter-output>
        </test-method> <!-- tearDown -->
        <test-method is-config="true" signature="launchApplication()[pri:0, instance:marketplace.tests.LoginTest@6cc4cdb9]" started-at="2024-06-11T00:48:11 WIB" name="launchApplication" finished-at="2024-06-11T00:48:13 WIB" duration-ms="1919" status="PASS">
          <reporter-output>
          </reporter-output>
        </test-method> <!-- launchApplication -->
        <test-method signature="loginApplication(marketplace.model.UserData)[pri:0, instance:marketplace.tests.LoginTest@6cc4cdb9]" started-at="2024-06-11T00:48:13 WIB" name="loginApplication" data-provider="login-data-provider" finished-at="2024-06-11T00:48:15 WIB" duration-ms="2362" status="PASS">
          <params>
            <param index="0">
              <value>
                <![CDATA[marketplace.model.UserData@1af52891]]>
              </value>
            </param>
          </params>
          <reporter-output>
          </reporter-output>
        </test-method> <!-- loginApplication -->
        <test-method is-config="true" signature="tearDown()[pri:0, instance:marketplace.tests.LoginTest@6cc4cdb9]" started-at="2024-06-11T00:48:15 WIB" name="tearDown" finished-at="2024-06-11T00:48:15 WIB" duration-ms="93" status="PASS">
          <reporter-output>
          </reporter-output>
        </test-method> <!-- tearDown -->
        <test-method is-config="true" signature="launchApplication()[pri:0, instance:marketplace.tests.LoginTest@6cc4cdb9]" started-at="2024-06-11T00:48:15 WIB" name="launchApplication" finished-at="2024-06-11T00:48:17 WIB" duration-ms="1954" status="PASS">
          <reporter-output>
          </reporter-output>
        </test-method> <!-- launchApplication -->
        <test-method signature="loginWithInvalidEmail()[pri:0, instance:marketplace.tests.LoginTest@6cc4cdb9]" started-at="2024-06-11T00:48:17 WIB" name="loginWithInvalidEmail" finished-at="2024-06-11T00:48:19 WIB" duration-ms="2257" status="PASS">
          <reporter-output>
          </reporter-output>
        </test-method> <!-- loginWithInvalidEmail -->
        <test-method is-config="true" signature="tearDown()[pri:0, instance:marketplace.tests.LoginTest@6cc4cdb9]" started-at="2024-06-11T00:48:19 WIB" name="tearDown" finished-at="2024-06-11T00:48:20 WIB" duration-ms="111" status="PASS">
          <reporter-output>
          </reporter-output>
        </test-method> <!-- tearDown -->
        <test-method is-config="true" signature="launchApplication()[pri:0, instance:marketplace.tests.LoginTest@6cc4cdb9]" started-at="2024-06-11T00:48:20 WIB" name="launchApplication" finished-at="2024-06-11T00:48:21 WIB" duration-ms="1456" status="PASS">
          <reporter-output>
          </reporter-output>
        </test-method> <!-- launchApplication -->
        <test-method signature="loginWithInvalidPassword()[pri:0, instance:marketplace.tests.LoginTest@6cc4cdb9]" started-at="2024-06-11T00:48:21 WIB" name="loginWithInvalidPassword" finished-at="2024-06-11T00:48:23 WIB" duration-ms="2076" status="PASS">
          <reporter-output>
          </reporter-output>
        </test-method> <!-- loginWithInvalidPassword -->
        <test-method is-config="true" signature="tearDown()[pri:0, instance:marketplace.tests.LoginTest@6cc4cdb9]" started-at="2024-06-11T00:48:23 WIB" name="tearDown" finished-at="2024-06-11T00:48:23 WIB" duration-ms="99" status="PASS">
          <reporter-output>
          </reporter-output>
        </test-method> <!-- tearDown -->
      </class> <!-- marketplace.tests.LoginTest -->
      <class name="marketplace.tests.SearchProductTest">
        <test-method is-config="true" signature="launchApplication()[pri:0, instance:marketplace.tests.SearchProductTest@7f2cfe3f]" started-at="2024-06-11T00:48:05 WIB" name="launchApplication" finished-at="2024-06-11T00:48:07 WIB" duration-ms="2264" status="PASS">
          <reporter-output>
          </reporter-output>
        </test-method> <!-- launchApplication -->
        <test-method signature="searchProduct(marketplace.model.UserData)[pri:0, instance:marketplace.tests.SearchProductTest@7f2cfe3f]" started-at="2024-06-11T00:48:07 WIB" name="searchProduct" data-provider="userData" finished-at="2024-06-11T00:48:12 WIB" duration-ms="5200" status="PASS">
          <params>
            <param index="0">
              <value>
                <![CDATA[marketplace.model.UserData@5e1e2287]]>
              </value>
            </param>
          </params>
          <reporter-output>
          </reporter-output>
        </test-method> <!-- searchProduct -->
        <test-method is-config="true" signature="tearDown()[pri:0, instance:marketplace.tests.SearchProductTest@7f2cfe3f]" started-at="2024-06-11T00:48:12 WIB" name="tearDown" finished-at="2024-06-11T00:48:12 WIB" duration-ms="103" status="PASS">
          <reporter-output>
          </reporter-output>
        </test-method> <!-- tearDown -->
        <test-method is-config="true" signature="launchApplication()[pri:0, instance:marketplace.tests.SearchProductTest@7f2cfe3f]" started-at="2024-06-11T00:48:12 WIB" name="launchApplication" finished-at="2024-06-11T00:48:14 WIB" duration-ms="1333" status="PASS">
          <reporter-output>
          </reporter-output>
        </test-method> <!-- launchApplication -->
        <test-method signature="searchProduct(marketplace.model.UserData)[pri:0, instance:marketplace.tests.SearchProductTest@7f2cfe3f]" started-at="2024-06-11T00:48:14 WIB" name="searchProduct" data-provider="userData" finished-at="2024-06-11T00:48:17 WIB" duration-ms="2990" status="PASS">
          <params>
            <param index="0">
              <value>
                <![CDATA[marketplace.model.UserData@1fe4368]]>
              </value>
            </param>
          </params>
          <reporter-output>
          </reporter-output>
        </test-method> <!-- searchProduct -->
        <test-method is-config="true" signature="tearDown()[pri:0, instance:marketplace.tests.SearchProductTest@7f2cfe3f]" started-at="2024-06-11T00:48:17 WIB" name="tearDown" finished-at="2024-06-11T00:48:17 WIB" duration-ms="104" status="PASS">
          <reporter-output>
          </reporter-output>
        </test-method> <!-- tearDown -->
      </class> <!-- marketplace.tests.SearchProductTest -->
    </test> <!-- Regression Test -->
  </suite> <!-- Regression Test Suite -->
</testng-results>
