<?xml version="1.0" encoding="UTF-8"?>
<testng-results ignored="0" total="1" passed="1" failed="0" skipped="0">
  <reporter-output>
  </reporter-output>
  <suite started-at="2024-05-31T00:21:43 WIB" name="Default suite" finished-at="2024-05-31T00:21:49 WIB" duration-ms="6046">
    <groups>
    </groups>
    <test started-at="2024-05-31T00:21:43 WIB" name="Default test" finished-at="2024-05-31T00:21:49 WIB" duration-ms="6046">
      <class name="marketplace.tests.SearchProductTest">
        <test-method is-config="true" signature="launchApplication()[pri:0, instance:marketplace.tests.SearchProductTest@7b98f307]" started-at="2024-05-31T00:21:43 WIB" name="launchApplication" finished-at="2024-05-31T00:21:45 WIB" duration-ms="2281" status="PASS">
          <reporter-output>
          </reporter-output>
        </test-method> <!-- launchApplication -->
        <test-method signature="homeBannerSearchProduct(marketplace.model.UserData)[pri:0, instance:marketplace.tests.SearchProductTest@7b98f307]" started-at="2024-05-31T00:21:45 WIB" name="homeBannerSearchProduct" data-provider="userData" finished-at="2024-05-31T00:21:49 WIB" duration-ms="3588" status="PASS">
          <params>
            <param index="0">
              <value>
                <![CDATA[marketplace.model.UserData@1af1347d]]>
              </value>
            </param>
          </params>
          <reporter-output>
          </reporter-output>
        </test-method> <!-- homeBannerSearchProduct -->
        <test-method is-config="true" signature="tearDown()[pri:0, instance:marketplace.tests.SearchProductTest@7b98f307]" started-at="2024-05-31T00:21:49 WIB" name="tearDown" finished-at="2024-05-31T00:21:49 WIB" duration-ms="1" status="PASS">
          <reporter-output>
          </reporter-output>
        </test-method> <!-- tearDown -->
      </class> <!-- marketplace.tests.SearchProductTest -->
    </test> <!-- Default test -->
  </suite> <!-- Default suite -->
</testng-results>
