<?xml version="1.0" encoding="UTF-8"?>
<testng-results ignored="0" total="1" passed="1" failed="0" skipped="0">
  <reporter-output>
  </reporter-output>
  <suite started-at="2024-06-05T16:41:21 WIB" name="Default suite" finished-at="2024-06-05T16:42:06 WIB" duration-ms="45726">
    <groups>
    </groups>
    <test started-at="2024-06-05T16:41:21 WIB" name="Default test" finished-at="2024-06-05T16:42:06 WIB" duration-ms="45726">
      <class name="marketplace.tests.CheckoutProductTest">
        <test-method is-config="true" signature="launchApplication()[pri:0, instance:marketplace.tests.CheckoutProductTest@7526515b]" started-at="2024-06-05T16:41:21 WIB" name="launchApplication" finished-at="2024-06-05T16:41:24 WIB" duration-ms="2964" status="PASS">
          <reporter-output>
          </reporter-output>
        </test-method> <!-- launchApplication -->
        <test-method signature="checkoutProduct(marketplace.model.UserData)[pri:0, instance:marketplace.tests.CheckoutProductTest@7526515b]" started-at="2024-06-05T16:41:24 WIB" name="checkoutProduct" data-provider="userData" finished-at="2024-06-05T16:42:06 WIB" duration-ms="42457" status="PASS">
          <params>
            <param index="0">
              <value>
                <![CDATA[marketplace.model.UserData@7fedfe27]]>
              </value>
            </param>
          </params>
          <reporter-output>
          </reporter-output>
        </test-method> <!-- checkoutProduct -->
        <test-method is-config="true" signature="tearDown()[pri:0, instance:marketplace.tests.CheckoutProductTest@7526515b]" started-at="2024-06-05T16:42:06 WIB" name="tearDown" finished-at="2024-06-05T16:42:06 WIB" duration-ms="0" status="PASS">
          <reporter-output>
          </reporter-output>
        </test-method> <!-- tearDown -->
      </class> <!-- marketplace.tests.CheckoutProductTest -->
    </test> <!-- Default test -->
  </suite> <!-- Default suite -->
</testng-results>
