<?xml version="1.0" encoding="UTF-8"?>
<testng-results ignored="0" total="1" passed="1" failed="0" skipped="0">
  <reporter-output>
  </reporter-output>
  <suite started-at="2024-05-27T22:51:04 WIB" name="Default suite" finished-at="2024-05-27T22:51:07 WIB" duration-ms="3029">
    <groups>
    </groups>
    <test started-at="2024-05-27T22:51:04 WIB" name="Default test" finished-at="2024-05-27T22:51:07 WIB" duration-ms="3029">
      <class name="marketplace.tests.LoginTest">
        <test-method is-config="true" signature="launchApplication()[pri:0, instance:marketplace.tests.LoginTest@6aeb35e6]" started-at="2024-05-27T22:51:04 WIB" name="launchApplication" finished-at="2024-05-27T22:51:06 WIB" duration-ms="1949" status="PASS">
          <reporter-output>
          </reporter-output>
        </test-method> <!-- launchApplication -->
        <test-method signature="loginApplication()[pri:0, instance:marketplace.tests.LoginTest@6aeb35e6]" started-at="2024-05-27T22:51:06 WIB" name="loginApplication" finished-at="2024-05-27T22:51:07 WIB" duration-ms="959" status="PASS">
          <reporter-output>
          </reporter-output>
        </test-method> <!-- loginApplication -->
        <test-method is-config="true" signature="tearDown()[pri:0, instance:marketplace.tests.LoginTest@6aeb35e6]" started-at="2024-05-27T22:51:07 WIB" name="tearDown" finished-at="2024-05-27T22:51:07 WIB" duration-ms="95" status="PASS">
          <reporter-output>
          </reporter-output>
        </test-method> <!-- tearDown -->
      </class> <!-- marketplace.tests.LoginTest -->
    </test> <!-- Default test -->
  </suite> <!-- Default suite -->
</testng-results>
