<?xml version="1.0" encoding="UTF-8"?>
<testng-results ignored="0" total="1" passed="1" failed="0" skipped="0">
  <reporter-output>
  </reporter-output>
  <suite started-at="2024-05-30T10:42:11 WIB" name="Default suite" finished-at="2024-05-30T10:42:19 WIB" duration-ms="7230">
    <groups>
    </groups>
    <test started-at="2024-05-30T10:42:11 WIB" name="Default test" finished-at="2024-05-30T10:42:19 WIB" duration-ms="7230">
      <class name="marketplace.tests.SearchProductTest">
        <test-method is-config="true" signature="launchApplication()[pri:0, instance:marketplace.tests.SearchProductTest@130d63be]" started-at="2024-05-30T10:42:11 WIB" name="launchApplication" finished-at="2024-05-30T10:42:17 WIB" duration-ms="6067" status="PASS">
          <reporter-output>
          </reporter-output>
        </test-method> <!-- launchApplication -->
        <test-method signature="homeBannerSearchProduct()[pri:0, instance:marketplace.tests.SearchProductTest@130d63be]" started-at="2024-05-30T10:42:17 WIB" name="homeBannerSearchProduct" finished-at="2024-05-30T10:42:19 WIB" duration-ms="1137" status="PASS">
          <reporter-output>
          </reporter-output>
        </test-method> <!-- homeBannerSearchProduct -->
        <test-method is-config="true" signature="tearDown()[pri:0, instance:marketplace.tests.SearchProductTest@130d63be]" started-at="2024-05-30T10:42:19 WIB" name="tearDown" finished-at="2024-05-30T10:42:19 WIB" duration-ms="0" status="PASS">
          <reporter-output>
          </reporter-output>
        </test-method> <!-- tearDown -->
      </class> <!-- marketplace.tests.SearchProductTest -->
    </test> <!-- Default test -->
  </suite> <!-- Default suite -->
</testng-results>
